#
# There is insufficient memory for the Java Runtime Environment to continue.
# Native memory allocation (malloc) failed to allocate 337136 bytes for Chunk::new
# Possible reasons:
#   The system is out of physical RAM or swap space
#   The process is running with CompressedOops enabled, and the Java Heap may be blocking the growth of the native heap
# Possible solutions:
#   Reduce memory load on the system
#   Increase physical memory or swap space
#   Check if swap backing store is full
#   Decrease Java heap size (-Xmx/-Xms)
#   Decrease number of Java threads
#   Decrease Java thread stack sizes (-Xss)
#   Set larger code cache with -XX:ReservedCodeCacheSize=
#   JVM is running with Zero Based Compressed Oops mode in which the Java heap is
#     placed in the first 32GB address space. The Java Heap base address is the
#     maximum limit for the native heap growth. Please use -XX:HeapBaseMinAddress
#     to set the Java Heap base and to place the Java Heap above 32GB virtual address.
# This output file may be truncated or incomplete.
#
#  Out of Memory Error (arena.cpp:197), pid=15880, tid=8576
#
# JRE version: OpenJDK Runtime Environment Corretto-11.0.27.6.1 (11.0.27+6) (build 11.0.27+6-LTS)
# Java VM: OpenJDK 64-Bit Server VM Corretto-11.0.27.6.1 (11.0.27+6-LTS, mixed mode, tiered, compressed oops, g1 gc, windows-amd64)
# No core dump will be written. Minidumps are not enabled by default on client versions of Windows
#

---------------  S U M M A R Y ------------

Command Line: -javaagent:C:\Users\Joshka\AppData\Local\JetBrains\IdeaIC2025.1\captureAgent\debugger-agent.jar=file:///C:/Users/Joshka/AppData/Local/Temp/capture16394741580333827005.props -ea -Didea.test.cyclic.buffer.size=1048576 -javaagent:C:\Program Files\JetBrains\IntelliJ IDEA Community Edition 2025.1.2\lib\idea_rt.jar=4448 -Dkotlinx.coroutines.debug.enable.creation.stack.trace=false -Ddebugger.agent.enable.coroutines=true -Dkotlinx.coroutines.debug.enable.flows.stack.trace=true -Dkotlinx.coroutines.debug.enable.mutable.state.flows.stack.trace=true -Dfile.encoding=UTF-8 com.intellij.rt.junit.JUnitStarter -ideVersion5 -junit4 ru.practicum.OrderScooter

Host: AMD Ryzen 5 3500U with Radeon Vega Mobile Gfx  , 8 cores, 13G,  Windows 10 , 64 bit Build 19041 (10.0.19041.5915)
Time: Mon Sep  1 12:49:22 2025 RTZ 2 (s 10 , 64 bit Build 19041 (10.0.19041.5915) elapsed time: 4.134626 seconds (0d 0h 0m 4s)

---------------  T H R E A D  ---------------

Current thread (0x000001c9f7cd4800):  JavaThread "C2 CompilerThread0" daemon [_thread_in_native, id=8576, stack(0x0000002b32700000,0x0000002b32800000)]


Current CompileTask:
C2:   4134 1996 % !   4       java.util.concurrent.ConcurrentHashMap::transfer @ 96 (828 bytes)

Stack: [0x0000002b32700000,0x0000002b32800000]
Native frames: (J=compiled Java code, j=interpreted, Vv=VM code, C=native code)
V  [jvm.dll+0x6464ca]
V  [jvm.dll+0x7dad19]
V  [jvm.dll+0x7dc419]
V  [jvm.dll+0x7dcb03]
V  [jvm.dll+0x269e15]
V  [jvm.dll+0xc21dc]
V  [jvm.dll+0xc278c]
V  [jvm.dll+0x37a307]
V  [jvm.dll+0x345045]
V  [jvm.dll+0x34441a]
V  [jvm.dll+0x221e6f]
V  [jvm.dll+0x220e78]
V  [jvm.dll+0x19ea61]
V  [jvm.dll+0x230d29]
V  [jvm.dll+0x22ee9f]
V  [jvm.dll+0x79bf41]
V  [jvm.dll+0x794c14]
V  [jvm.dll+0x645285]
C  [ucrtbase.dll+0x21bb2]
C  [KERNEL32.DLL+0x17374]
C  [ntdll.dll+0x4cc91]


---------------  P R O C E S S  ---------------

Threads class SMR info:
_java_thread_list=0x000001c9fb42f580, length=29, elements={
0x000001c9d495d800, 0x000001c9f7c4b000, 0x000001c9f7c75000, 0x000001c9f7ccc000,
0x000001c9f7ccf000, 0x000001c9f7cd1800, 0x000001c9f7cd4800, 0x000001c9f7cd8800,
0x000001c9f7cdf000, 0x000001c9f7e4e000, 0x000001c9f81ab800, 0x000001c9f8187800,
0x000001c9f8fc2800, 0x000001c9f94df000, 0x000001c9f950e800, 0x000001c9f951a800,
0x000001c9f951b800, 0x000001c9f954f800, 0x000001c9f9565000, 0x000001c9f9563800,
0x000001c9f9561800, 0x000001c9f9564000, 0x000001c9f9562800, 0x000001c9f9566000,
0x000001c9f9566800, 0x000001c9f9561000, 0x000001c9f9567800, 0x000001c9fa8fa800,
0x000001c9fa8f8000
}

Java Threads: ( => current thread )
  0x000001c9d495d800 JavaThread "Forwarding findElement on session ea1716f7f06d292bd9ef129c468482f6 to remote" [_thread_blocked, id=13524, stack(0x0000002b31b00000,0x0000002b31c00000)]
  0x000001c9f7c4b000 JavaThread "Reference Handler" daemon [_thread_blocked, id=2420, stack(0x0000002b32200000,0x0000002b32300000)]
  0x000001c9f7c75000 JavaThread "Finalizer" daemon [_thread_blocked, id=21780, stack(0x0000002b32300000,0x0000002b32400000)]
  0x000001c9f7ccc000 JavaThread "Signal Dispatcher" daemon [_thread_blocked, id=10128, stack(0x0000002b32400000,0x0000002b32500000)]
  0x000001c9f7ccf000 JavaThread "Attach Listener" daemon [_thread_blocked, id=16684, stack(0x0000002b32500000,0x0000002b32600000)]
  0x000001c9f7cd1800 JavaThread "Service Thread" daemon [_thread_blocked, id=2144, stack(0x0000002b32600000,0x0000002b32700000)]
=>0x000001c9f7cd4800 JavaThread "C2 CompilerThread0" daemon [_thread_in_native, id=8576, stack(0x0000002b32700000,0x0000002b32800000)]
  0x000001c9f7cd8800 JavaThread "C1 CompilerThread0" daemon [_thread_blocked, id=17444, stack(0x0000002b32800000,0x0000002b32900000)]
  0x000001c9f7cdf000 JavaThread "Sweeper thread" daemon [_thread_blocked, id=21616, stack(0x0000002b32900000,0x0000002b32a00000)]
  0x000001c9f7e4e000 JavaThread "Common-Cleaner" daemon [_thread_blocked, id=23636, stack(0x0000002b32a00000,0x0000002b32b00000)]
  0x000001c9f81ab800 JavaThread "IntelliJ Suspend Helper" daemon [_thread_blocked, id=4456, stack(0x0000002b32c00000,0x0000002b32d00000)]
  0x000001c9f8187800 JavaThread "Monitor Ctrl-Break" daemon [_thread_in_native, id=19832, stack(0x0000002b32d00000,0x0000002b32e00000)]
  0x000001c9f8fc2800 JavaThread "ForkJoinPool.commonPool-worker-3" daemon [_thread_blocked, id=23240, stack(0x0000002b32f00000,0x0000002b33000000)]
  0x000001c9f94df000 JavaThread "HttpClient-1-SelectorManager" daemon [_thread_in_native, id=19092, stack(0x0000002b32b00000,0x0000002b32c00000)]
  0x000001c9f950e800 JavaThread "External Process Output Forwarder - C:\Users\Joshka\.cache\selenium\chromedriver\win64\139.0.7258.154\chromedriver.exe" daemon [_thread_in_native, id=24204, stack(0x0000002b33400000,0x0000002b33500000)]
  0x000001c9f951a800 JavaThread "Driver Service Executor" daemon [_thread_blocked, id=23196, stack(0x0000002b33500000,0x0000002b33600000)]
  0x000001c9f951b800 JavaThread "Driver Service Executor" daemon [_thread_in_native, id=24552, stack(0x0000002b33600000,0x0000002b33700000)]
  0x000001c9f954f800 JavaThread "UrlChecker-2" daemon [_thread_blocked, id=20040, stack(0x0000002b33700000,0x0000002b33800000)]
  0x000001c9f9565000 JavaThread "Keep-Alive-Timer" daemon [_thread_blocked, id=16288, stack(0x0000002b33900000,0x0000002b33a00000)]
  0x000001c9f9563800 JavaThread "JdkHttpClient-0-0" daemon [_thread_blocked, id=16972, stack(0x0000002b33a00000,0x0000002b33b00000)]
  0x000001c9f9561800 JavaThread "CompletableFutureDelayScheduler" daemon [_thread_blocked, id=15976, stack(0x0000002b33b00000,0x0000002b33c00000)]
  0x000001c9f9564000 JavaThread "JdkHttpClient-0-1" daemon [_thread_blocked, id=6360, stack(0x0000002b33d00000,0x0000002b33e00000)]
  0x000001c9f9562800 JavaThread "JdkHttpClient-0-2" daemon [_thread_blocked, id=18040, stack(0x0000002b33e00000,0x0000002b33f00000)]
  0x000001c9f9566000 JavaThread "JdkHttpClient-0-3" daemon [_thread_blocked, id=15660, stack(0x0000002b33f00000,0x0000002b34000000)]
  0x000001c9f9566800 JavaThread "HttpClient-2-SelectorManager" daemon [_thread_in_native, id=11004, stack(0x0000002b34000000,0x0000002b34100000)]
  0x000001c9f9561000 JavaThread "JdkHttpClient-1-0" daemon [_thread_blocked, id=17776, stack(0x0000002b34100000,0x0000002b34200000)]
  0x000001c9f9567800 JavaThread "JdkHttpClient-1-1" daemon [_thread_blocked, id=11232, stack(0x0000002b34200000,0x0000002b34300000)]
  0x000001c9fa8fa800 JavaThread "JdkHttpClient-1-2" daemon [_thread_blocked, id=16452, stack(0x0000002b34300000,0x0000002b34400000)]
  0x000001c9fa8f8000 JavaThread "JdkHttpClient-1-3" daemon [_thread_blocked, id=9776, stack(0x0000002b34400000,0x0000002b34500000)]

Other Threads:
  0x000001c9f7c47800 VMThread "VM Thread" [stack: 0x0000002b32100000,0x0000002b32200000] [id=14792]
  0x000001c9f818c000 WatcherThread [stack: 0x0000002b32e00000,0x0000002b32f00000] [id=5600]
  0x000001c9d4976800 GCTaskThread "GC Thread#0" [stack: 0x0000002b31c00000,0x0000002b31d00000] [id=13508]
  0x000001c9f9262000 GCTaskThread "GC Thread#1" [stack: 0x0000002b33000000,0x0000002b33100000] [id=5244]
  0x000001c9f9262800 GCTaskThread "GC Thread#2" [stack: 0x0000002b33100000,0x0000002b33200000] [id=20608]
  0x000001c9f9263800 GCTaskThread "GC Thread#3" [stack: 0x0000002b33200000,0x0000002b33300000] [id=9780]
  0x000001c9f9264000 GCTaskThread "GC Thread#4" [stack: 0x0000002b33300000,0x0000002b33400000] [id=16776]
  0x000001c9d49c8000 ConcurrentGCThread "G1 Main Marker" [stack: 0x0000002b31d00000,0x0000002b31e00000] [id=16924]
  0x000001c9d49ca800 ConcurrentGCThread "G1 Conc#0" [stack: 0x0000002b31e00000,0x0000002b31f00000] [id=12028]
  0x000001c9f9647000 ConcurrentGCThread "G1 Conc#1" [stack: 0x0000002b33c00000,0x0000002b33d00000] [id=8504]
  0x000001c9f72a9800 ConcurrentGCThread "G1 Refine#0" [stack: 0x0000002b31f00000,0x0000002b32000000] [id=15412]
  0x000001c9f72aa000 ConcurrentGCThread "G1 Young RemSet Sampling" [stack: 0x0000002b32000000,0x0000002b32100000] [id=18368]

Threads with active compile tasks:
C2 CompilerThread0     4154 1996 % !   4       java.util.concurrent.ConcurrentHashMap::transfer @ 96 (828 bytes)

VM state:not at safepoint (normal execution)

VM Mutex/Monitor currently owned by a thread: None

Heap address: 0x0000000721400000, size: 3564 MB, Compressed Oops mode: Zero based, Oop shift amount: 3
Narrow klass base: 0x0000000800000000, Narrow klass shift: 0
Compressed class space size: 1073741824 Address: 0x0000000800000000

Heap:
 garbage-first heap   total 229376K, used 15375K [0x0000000721400000, 0x0000000800000000)
  region size 1024K, 14 young (14336K), 5 survivors (5120K)
 Metaspace       used 21627K, capacity 22475K, committed 22704K, reserved 1069056K
  class space    used 2366K, capacity 2724K, committed 2736K, reserved 1048576K
Heap Regions: E=young(eden), S=young(survivor), O=old, HS=humongous(starts), HC=humongous(continues), CS=collection set, F=free, A=archive, TAMS=top-at-mark-start (previous, next)
|   0|0x0000000721400000, 0x0000000721500000, 0x0000000721500000|100%|HS|  |TAMS 0x0000000721500000, 0x0000000721400000| Complete 
|   1|0x0000000721500000, 0x0000000721600000, 0x0000000721600000|100%| O|  |TAMS 0x0000000721600000, 0x0000000721500000| Untracked 
|   2|0x0000000721600000, 0x000000072160d800, 0x0000000721700000|  5%| O|  |TAMS 0x000000072160d800, 0x0000000721600000| Untracked 
|   3|0x0000000721700000, 0x0000000721700000, 0x0000000721800000|  0%| F|  |TAMS 0x0000000721700000, 0x0000000721700000| Untracked 
|   4|0x0000000721800000, 0x0000000721800000, 0x0000000721900000|  0%| F|  |TAMS 0x0000000721800000, 0x0000000721800000| Untracked 
|   5|0x0000000721900000, 0x0000000721900000, 0x0000000721a00000|  0%| F|  |TAMS 0x0000000721900000, 0x0000000721900000| Untracked 
|   6|0x0000000721a00000, 0x0000000721a00000, 0x0000000721b00000|  0%| F|  |TAMS 0x0000000721a00000, 0x0000000721a00000| Untracked 
|   7|0x0000000721b00000, 0x0000000721b00000, 0x0000000721c00000|  0%| F|  |TAMS 0x0000000721b00000, 0x0000000721b00000| Untracked 
|   8|0x0000000721c00000, 0x0000000721c00000, 0x0000000721d00000|  0%| F|  |TAMS 0x0000000721c00000, 0x0000000721c00000| Untracked 
|   9|0x0000000721d00000, 0x0000000721d00000, 0x0000000721e00000|  0%| F|  |TAMS 0x0000000721d00000, 0x0000000721d00000| Untracked 
|  10|0x0000000721e00000, 0x0000000721e00000, 0x0000000721f00000|  0%| F|  |TAMS 0x0000000721e00000, 0x0000000721e00000| Untracked 
|  11|0x0000000721f00000, 0x0000000721f00000, 0x0000000722000000|  0%| F|  |TAMS 0x0000000721f00000, 0x0000000721f00000| Untracked 
|  12|0x0000000722000000, 0x0000000722000000, 0x0000000722100000|  0%| F|  |TAMS 0x0000000722000000, 0x0000000722000000| Untracked 
|  13|0x0000000722100000, 0x0000000722100000, 0x0000000722200000|  0%| F|  |TAMS 0x0000000722100000, 0x0000000722100000| Untracked 
|  14|0x0000000722200000, 0x0000000722200000, 0x0000000722300000|  0%| F|  |TAMS 0x0000000722200000, 0x0000000722200000| Untracked 
|  15|0x0000000722300000, 0x0000000722300000, 0x0000000722400000|  0%| F|  |TAMS 0x0000000722300000, 0x0000000722300000| Untracked 
|  16|0x0000000722400000, 0x0000000722400000, 0x0000000722500000|  0%| F|  |TAMS 0x0000000722400000, 0x0000000722400000| Untracked 
|  17|0x0000000722500000, 0x0000000722500000, 0x0000000722600000|  0%| F|  |TAMS 0x0000000722500000, 0x0000000722500000| Untracked 
|  18|0x0000000722600000, 0x0000000722600000, 0x0000000722700000|  0%| F|  |TAMS 0x0000000722600000, 0x0000000722600000| Untracked 
|  19|0x0000000722700000, 0x0000000722700000, 0x0000000722800000|  0%| F|  |TAMS 0x0000000722700000, 0x0000000722700000| Untracked 
|  20|0x0000000722800000, 0x0000000722800000, 0x0000000722900000|  0%| F|  |TAMS 0x0000000722800000, 0x0000000722800000| Untracked 
|  21|0x0000000722900000, 0x0000000722900000, 0x0000000722a00000|  0%| F|  |TAMS 0x0000000722900000, 0x0000000722900000| Untracked 
|  22|0x0000000722a00000, 0x0000000722a00000, 0x0000000722b00000|  0%| F|  |TAMS 0x0000000722a00000, 0x0000000722a00000| Untracked 
|  23|0x0000000722b00000, 0x0000000722b00000, 0x0000000722c00000|  0%| F|  |TAMS 0x0000000722b00000, 0x0000000722b00000| Untracked 
|  24|0x0000000722c00000, 0x0000000722c00000, 0x0000000722d00000|  0%| F|  |TAMS 0x0000000722c00000, 0x0000000722c00000| Untracked 
|  25|0x0000000722d00000, 0x0000000722d00000, 0x0000000722e00000|  0%| F|  |TAMS 0x0000000722d00000, 0x0000000722d00000| Untracked 
|  26|0x0000000722e00000, 0x0000000722e00000, 0x0000000722f00000|  0%| F|  |TAMS 0x0000000722e00000, 0x0000000722e00000| Untracked 
|  27|0x0000000722f00000, 0x0000000722f00000, 0x0000000723000000|  0%| F|  |TAMS 0x0000000722f00000, 0x0000000722f00000| Untracked 
|  28|0x0000000723000000, 0x0000000723000000, 0x0000000723100000|  0%| F|  |TAMS 0x0000000723000000, 0x0000000723000000| Untracked 
|  29|0x0000000723100000, 0x0000000723100000, 0x0000000723200000|  0%| F|  |TAMS 0x0000000723100000, 0x0000000723100000| Untracked 
|  30|0x0000000723200000, 0x0000000723200000, 0x0000000723300000|  0%| F|  |TAMS 0x0000000723200000, 0x0000000723200000| Untracked 
|  31|0x0000000723300000, 0x0000000723300000, 0x0000000723400000|  0%| F|  |TAMS 0x0000000723300000, 0x0000000723300000| Untracked 
|  32|0x0000000723400000, 0x0000000723400000, 0x0000000723500000|  0%| F|  |TAMS 0x0000000723400000, 0x0000000723400000| Untracked 
|  33|0x0000000723500000, 0x0000000723500000, 0x0000000723600000|  0%| F|  |TAMS 0x0000000723500000, 0x0000000723500000| Untracked 
|  34|0x0000000723600000, 0x0000000723600000, 0x0000000723700000|  0%| F|  |TAMS 0x0000000723600000, 0x0000000723600000| Untracked 
|  35|0x0000000723700000, 0x0000000723700000, 0x0000000723800000|  0%| F|  |TAMS 0x0000000723700000, 0x0000000723700000| Untracked 
|  36|0x0000000723800000, 0x0000000723800000, 0x0000000723900000|  0%| F|  |TAMS 0x0000000723800000, 0x0000000723800000| Untracked 
|  37|0x0000000723900000, 0x0000000723900000, 0x0000000723a00000|  0%| F|  |TAMS 0x0000000723900000, 0x0000000723900000| Untracked 
|  38|0x0000000723a00000, 0x0000000723a00000, 0x0000000723b00000|  0%| F|  |TAMS 0x0000000723a00000, 0x0000000723a00000| Untracked 
|  39|0x0000000723b00000, 0x0000000723b00000, 0x0000000723c00000|  0%| F|  |TAMS 0x0000000723b00000, 0x0000000723b00000| Untracked 
|  40|0x0000000723c00000, 0x0000000723c00000, 0x0000000723d00000|  0%| F|  |TAMS 0x0000000723c00000, 0x0000000723c00000| Untracked 
|  41|0x0000000723d00000, 0x0000000723d00000, 0x0000000723e00000|  0%| F|  |TAMS 0x0000000723d00000, 0x0000000723d00000| Untracked 
|  42|0x0000000723e00000, 0x0000000723e00000, 0x0000000723f00000|  0%| F|  |TAMS 0x0000000723e00000, 0x0000000723e00000| Untracked 
|  43|0x0000000723f00000, 0x0000000723f00000, 0x0000000724000000|  0%| F|  |TAMS 0x0000000723f00000, 0x0000000723f00000| Untracked 
|  44|0x0000000724000000, 0x0000000724000000, 0x0000000724100000|  0%| F|  |TAMS 0x0000000724000000, 0x0000000724000000| Untracked 
|  45|0x0000000724100000, 0x0000000724100000, 0x0000000724200000|  0%| F|  |TAMS 0x0000000724100000, 0x0000000724100000| Untracked 
|  46|0x0000000724200000, 0x0000000724200000, 0x0000000724300000|  0%| F|  |TAMS 0x0000000724200000, 0x0000000724200000| Untracked 
|  47|0x0000000724300000, 0x0000000724300000, 0x0000000724400000|  0%| F|  |TAMS 0x0000000724300000, 0x0000000724300000| Untracked 
|  48|0x0000000724400000, 0x0000000724400000, 0x0000000724500000|  0%| F|  |TAMS 0x0000000724400000, 0x0000000724400000| Untracked 
|  49|0x0000000724500000, 0x0000000724500000, 0x0000000724600000|  0%| F|  |TAMS 0x0000000724500000, 0x0000000724500000| Untracked 
|  50|0x0000000724600000, 0x0000000724600000, 0x0000000724700000|  0%| F|  |TAMS 0x0000000724600000, 0x0000000724600000| Untracked 
|  51|0x0000000724700000, 0x0000000724700000, 0x0000000724800000|  0%| F|  |TAMS 0x0000000724700000, 0x0000000724700000| Untracked 
|  52|0x0000000724800000, 0x0000000724800000, 0x0000000724900000|  0%| F|  |TAMS 0x0000000724800000, 0x0000000724800000| Untracked 
|  53|0x0000000724900000, 0x0000000724900000, 0x0000000724a00000|  0%| F|  |TAMS 0x0000000724900000, 0x0000000724900000| Untracked 
|  54|0x0000000724a00000, 0x0000000724a00000, 0x0000000724b00000|  0%| F|  |TAMS 0x0000000724a00000, 0x0000000724a00000| Untracked 
|  55|0x0000000724b00000, 0x0000000724b00000, 0x0000000724c00000|  0%| F|  |TAMS 0x0000000724b00000, 0x0000000724b00000| Untracked 
|  56|0x0000000724c00000, 0x0000000724c00000, 0x0000000724d00000|  0%| F|  |TAMS 0x0000000724c00000, 0x0000000724c00000| Untracked 
|  57|0x0000000724d00000, 0x0000000724d00000, 0x0000000724e00000|  0%| F|  |TAMS 0x0000000724d00000, 0x0000000724d00000| Untracked 
|  58|0x0000000724e00000, 0x0000000724e00000, 0x0000000724f00000|  0%| F|  |TAMS 0x0000000724e00000, 0x0000000724e00000| Untracked 
|  59|0x0000000724f00000, 0x0000000724f00000, 0x0000000725000000|  0%| F|  |TAMS 0x0000000724f00000, 0x0000000724f00000| Untracked 
|  60|0x0000000725000000, 0x0000000725000000, 0x0000000725100000|  0%| F|  |TAMS 0x0000000725000000, 0x0000000725000000| Untracked 
|  61|0x0000000725100000, 0x0000000725100000, 0x0000000725200000|  0%| F|  |TAMS 0x0000000725100000, 0x0000000725100000| Untracked 
|  62|0x0000000725200000, 0x0000000725200000, 0x0000000725300000|  0%| F|  |TAMS 0x0000000725200000, 0x0000000725200000| Untracked 
|  63|0x0000000725300000, 0x0000000725300000, 0x0000000725400000|  0%| F|  |TAMS 0x0000000725300000, 0x0000000725300000| Untracked 
|  64|0x0000000725400000, 0x0000000725400000, 0x0000000725500000|  0%| F|  |TAMS 0x0000000725400000, 0x0000000725400000| Untracked 
|  65|0x0000000725500000, 0x0000000725500000, 0x0000000725600000|  0%| F|  |TAMS 0x0000000725500000, 0x0000000725500000| Untracked 
|  66|0x0000000725600000, 0x0000000725600000, 0x0000000725700000|  0%| F|  |TAMS 0x0000000725600000, 0x0000000725600000| Untracked 
|  67|0x0000000725700000, 0x0000000725700000, 0x0000000725800000|  0%| F|  |TAMS 0x0000000725700000, 0x0000000725700000| Untracked 
|  68|0x0000000725800000, 0x0000000725800000, 0x0000000725900000|  0%| F|  |TAMS 0x0000000725800000, 0x0000000725800000| Untracked 
|  69|0x0000000725900000, 0x0000000725900000, 0x0000000725a00000|  0%| F|  |TAMS 0x0000000725900000, 0x0000000725900000| Untracked 
|  70|0x0000000725a00000, 0x0000000725a00000, 0x0000000725b00000|  0%| F|  |TAMS 0x0000000725a00000, 0x0000000725a00000| Untracked 
|  71|0x0000000725b00000, 0x0000000725b00000, 0x0000000725c00000|  0%| F|  |TAMS 0x0000000725b00000, 0x0000000725b00000| Untracked 
|  72|0x0000000725c00000, 0x0000000725c00000, 0x0000000725d00000|  0%| F|  |TAMS 0x0000000725c00000, 0x0000000725c00000| Untracked 
|  73|0x0000000725d00000, 0x0000000725d00000, 0x0000000725e00000|  0%| F|  |TAMS 0x0000000725d00000, 0x0000000725d00000| Untracked 
|  74|0x0000000725e00000, 0x0000000725e00000, 0x0000000725f00000|  0%| F|  |TAMS 0x0000000725e00000, 0x0000000725e00000| Untracked 
|  75|0x0000000725f00000, 0x0000000725f00000, 0x0000000726000000|  0%| F|  |TAMS 0x0000000725f00000, 0x0000000725f00000| Untracked 
|  76|0x0000000726000000, 0x0000000726000000, 0x0000000726100000|  0%| F|  |TAMS 0x0000000726000000, 0x0000000726000000| Untracked 
|  77|0x0000000726100000, 0x0000000726100000, 0x0000000726200000|  0%| F|  |TAMS 0x0000000726100000, 0x0000000726100000| Untracked 
|  78|0x0000000726200000, 0x0000000726200000, 0x0000000726300000|  0%| F|  |TAMS 0x0000000726200000, 0x0000000726200000| Untracked 
|  79|0x0000000726300000, 0x0000000726300000, 0x0000000726400000|  0%| F|  |TAMS 0x0000000726300000, 0x0000000726300000| Untracked 
|  80|0x0000000726400000, 0x0000000726400000, 0x0000000726500000|  0%| F|  |TAMS 0x0000000726400000, 0x0000000726400000| Untracked 
|  81|0x0000000726500000, 0x0000000726500000, 0x0000000726600000|  0%| F|  |TAMS 0x0000000726500000, 0x0000000726500000| Untracked 
|  82|0x0000000726600000, 0x0000000726600000, 0x0000000726700000|  0%| F|  |TAMS 0x0000000726600000, 0x0000000726600000| Untracked 
|  83|0x0000000726700000, 0x0000000726700000, 0x0000000726800000|  0%| F|  |TAMS 0x0000000726700000, 0x0000000726700000| Untracked 
|  84|0x0000000726800000, 0x0000000726800000, 0x0000000726900000|  0%| F|  |TAMS 0x0000000726800000, 0x0000000726800000| Untracked 
|  85|0x0000000726900000, 0x0000000726900000, 0x0000000726a00000|  0%| F|  |TAMS 0x0000000726900000, 0x0000000726900000| Untracked 
|  86|0x0000000726a00000, 0x0000000726a00000, 0x0000000726b00000|  0%| F|  |TAMS 0x0000000726a00000, 0x0000000726a00000| Untracked 
|  87|0x0000000726b00000, 0x0000000726b00000, 0x0000000726c00000|  0%| F|  |TAMS 0x0000000726b00000, 0x0000000726b00000| Untracked 
|  88|0x0000000726c00000, 0x0000000726c00000, 0x0000000726d00000|  0%| F|  |TAMS 0x0000000726c00000, 0x0000000726c00000| Untracked 
|  89|0x0000000726d00000, 0x0000000726d00000, 0x0000000726e00000|  0%| F|  |TAMS 0x0000000726d00000, 0x0000000726d00000| Untracked 
|  90|0x0000000726e00000, 0x0000000726e00000, 0x0000000726f00000|  0%| F|  |TAMS 0x0000000726e00000, 0x0000000726e00000| Untracked 
|  91|0x0000000726f00000, 0x0000000726f00000, 0x0000000727000000|  0%| F|  |TAMS 0x0000000726f00000, 0x0000000726f00000| Untracked 
|  92|0x0000000727000000, 0x0000000727000000, 0x0000000727100000|  0%| F|  |TAMS 0x0000000727000000, 0x0000000727000000| Untracked 
|  93|0x0000000727100000, 0x0000000727100000, 0x0000000727200000|  0%| F|  |TAMS 0x0000000727100000, 0x0000000727100000| Untracked 
|  94|0x0000000727200000, 0x0000000727200000, 0x0000000727300000|  0%| F|  |TAMS 0x0000000727200000, 0x0000000727200000| Untracked 
|  95|0x0000000727300000, 0x0000000727300000, 0x0000000727400000|  0%| F|  |TAMS 0x0000000727300000, 0x0000000727300000| Untracked 
|  96|0x0000000727400000, 0x0000000727400000, 0x0000000727500000|  0%| F|  |TAMS 0x0000000727400000, 0x0000000727400000| Untracked 
|  97|0x0000000727500000, 0x0000000727500000, 0x0000000727600000|  0%| F|  |TAMS 0x0000000727500000, 0x0000000727500000| Untracked 
|  98|0x0000000727600000, 0x0000000727600000, 0x0000000727700000|  0%| F|  |TAMS 0x0000000727600000, 0x0000000727600000| Untracked 
|  99|0x0000000727700000, 0x0000000727700000, 0x0000000727800000|  0%| F|  |TAMS 0x0000000727700000, 0x0000000727700000| Untracked 
| 100|0x0000000727800000, 0x0000000727800000, 0x0000000727900000|  0%| F|  |TAMS 0x0000000727800000, 0x0000000727800000| Untracked 
| 101|0x0000000727900000, 0x0000000727900000, 0x0000000727a00000|  0%| F|  |TAMS 0x0000000727900000, 0x0000000727900000| Untracked 
| 102|0x0000000727a00000, 0x0000000727a00000, 0x0000000727b00000|  0%| F|  |TAMS 0x0000000727a00000, 0x0000000727a00000| Untracked 
| 103|0x0000000727b00000, 0x0000000727b00000, 0x0000000727c00000|  0%| F|  |TAMS 0x0000000727b00000, 0x0000000727b00000| Untracked 
| 104|0x0000000727c00000, 0x0000000727c00000, 0x0000000727d00000|  0%| F|  |TAMS 0x0000000727c00000, 0x0000000727c00000| Untracked 
| 105|0x0000000727d00000, 0x0000000727d00000, 0x0000000727e00000|  0%| F|  |TAMS 0x0000000727d00000, 0x0000000727d00000| Untracked 
| 106|0x0000000727e00000, 0x0000000727e00000, 0x0000000727f00000|  0%| F|  |TAMS 0x0000000727e00000, 0x0000000727e00000| Untracked 
| 107|0x0000000727f00000, 0x0000000727f00000, 0x0000000728000000|  0%| F|  |TAMS 0x0000000727f00000, 0x0000000727f00000| Untracked 
| 108|0x0000000728000000, 0x0000000728000000, 0x0000000728100000|  0%| F|  |TAMS 0x0000000728000000, 0x0000000728000000| Untracked 
| 109|0x0000000728100000, 0x0000000728100000, 0x0000000728200000|  0%| F|  |TAMS 0x0000000728100000, 0x0000000728100000| Untracked 
| 110|0x0000000728200000, 0x0000000728200000, 0x0000000728300000|  0%| F|  |TAMS 0x0000000728200000, 0x0000000728200000| Untracked 
| 111|0x0000000728300000, 0x0000000728300000, 0x0000000728400000|  0%| F|  |TAMS 0x0000000728300000, 0x0000000728300000| Untracked 
| 112|0x0000000728400000, 0x0000000728400000, 0x0000000728500000|  0%| F|  |TAMS 0x0000000728400000, 0x0000000728400000| Untracked 
| 113|0x0000000728500000, 0x0000000728500000, 0x0000000728600000|  0%| F|  |TAMS 0x0000000728500000, 0x0000000728500000| Untracked 
| 114|0x0000000728600000, 0x0000000728600000, 0x0000000728700000|  0%| F|  |TAMS 0x0000000728600000, 0x0000000728600000| Untracked 
| 115|0x0000000728700000, 0x0000000728700000, 0x0000000728800000|  0%| F|  |TAMS 0x0000000728700000, 0x0000000728700000| Untracked 
| 116|0x0000000728800000, 0x0000000728800000, 0x0000000728900000|  0%| F|  |TAMS 0x0000000728800000, 0x0000000728800000| Untracked 
| 117|0x0000000728900000, 0x0000000728900000, 0x0000000728a00000|  0%| F|  |TAMS 0x0000000728900000, 0x0000000728900000| Untracked 
| 118|0x0000000728a00000, 0x0000000728a00000, 0x0000000728b00000|  0%| F|  |TAMS 0x0000000728a00000, 0x0000000728a00000| Untracked 
| 119|0x0000000728b00000, 0x0000000728b00000, 0x0000000728c00000|  0%| F|  |TAMS 0x0000000728b00000, 0x0000000728b00000| Untracked 
| 120|0x0000000728c00000, 0x0000000728c00000, 0x0000000728d00000|  0%| F|  |TAMS 0x0000000728c00000, 0x0000000728c00000| Untracked 
| 121|0x0000000728d00000, 0x0000000728d00000, 0x0000000728e00000|  0%| F|  |TAMS 0x0000000728d00000, 0x0000000728d00000| Untracked 
| 122|0x0000000728e00000, 0x0000000728e00000, 0x0000000728f00000|  0%| F|  |TAMS 0x0000000728e00000, 0x0000000728e00000| Untracked 
| 123|0x0000000728f00000, 0x0000000728f00000, 0x0000000729000000|  0%| F|  |TAMS 0x0000000728f00000, 0x0000000728f00000| Untracked 
| 124|0x0000000729000000, 0x0000000729000000, 0x0000000729100000|  0%| F|  |TAMS 0x0000000729000000, 0x0000000729000000| Untracked 
| 125|0x0000000729100000, 0x0000000729100000, 0x0000000729200000|  0%| F|  |TAMS 0x0000000729100000, 0x0000000729100000| Untracked 
| 126|0x0000000729200000, 0x0000000729200000, 0x0000000729300000|  0%| F|  |TAMS 0x0000000729200000, 0x0000000729200000| Untracked 
| 127|0x0000000729300000, 0x0000000729300000, 0x0000000729400000|  0%| F|  |TAMS 0x0000000729300000, 0x0000000729300000| Untracked 
| 128|0x0000000729400000, 0x0000000729400000, 0x0000000729500000|  0%| F|  |TAMS 0x0000000729400000, 0x0000000729400000| Untracked 
| 129|0x0000000729500000, 0x0000000729500000, 0x0000000729600000|  0%| F|  |TAMS 0x0000000729500000, 0x0000000729500000| Untracked 
| 130|0x0000000729600000, 0x0000000729600000, 0x0000000729700000|  0%| F|  |TAMS 0x0000000729600000, 0x0000000729600000| Untracked 
| 131|0x0000000729700000, 0x0000000729700000, 0x0000000729800000|  0%| F|  |TAMS 0x0000000729700000, 0x0000000729700000| Untracked 
| 132|0x0000000729800000, 0x0000000729800000, 0x0000000729900000|  0%| F|  |TAMS 0x0000000729800000, 0x0000000729800000| Untracked 
| 133|0x0000000729900000, 0x0000000729900000, 0x0000000729a00000|  0%| F|  |TAMS 0x0000000729900000, 0x0000000729900000| Untracked 
| 134|0x0000000729a00000, 0x0000000729a00000, 0x0000000729b00000|  0%| F|  |TAMS 0x0000000729a00000, 0x0000000729a00000| Untracked 
| 135|0x0000000729b00000, 0x0000000729b00000, 0x0000000729c00000|  0%| F|  |TAMS 0x0000000729b00000, 0x0000000729b00000| Untracked 
| 136|0x0000000729c00000, 0x0000000729c00000, 0x0000000729d00000|  0%| F|  |TAMS 0x0000000729c00000, 0x0000000729c00000| Untracked 
| 137|0x0000000729d00000, 0x0000000729d00000, 0x0000000729e00000|  0%| F|  |TAMS 0x0000000729d00000, 0x0000000729d00000| Untracked 
| 138|0x0000000729e00000, 0x0000000729e00000, 0x0000000729f00000|  0%| F|  |TAMS 0x0000000729e00000, 0x0000000729e00000| Untracked 
| 139|0x0000000729f00000, 0x0000000729f00000, 0x000000072a000000|  0%| F|  |TAMS 0x0000000729f00000, 0x0000000729f00000| Untracked 
| 140|0x000000072a000000, 0x000000072a000000, 0x000000072a100000|  0%| F|  |TAMS 0x000000072a000000, 0x000000072a000000| Untracked 
| 141|0x000000072a100000, 0x000000072a100000, 0x000000072a200000|  0%| F|  |TAMS 0x000000072a100000, 0x000000072a100000| Untracked 
| 142|0x000000072a200000, 0x000000072a200000, 0x000000072a300000|  0%| F|  |TAMS 0x000000072a200000, 0x000000072a200000| Untracked 
| 143|0x000000072a300000, 0x000000072a300000, 0x000000072a400000|  0%| F|  |TAMS 0x000000072a300000, 0x000000072a300000| Untracked 
| 144|0x000000072a400000, 0x000000072a400000, 0x000000072a500000|  0%| F|  |TAMS 0x000000072a400000, 0x000000072a400000| Untracked 
| 145|0x000000072a500000, 0x000000072a500000, 0x000000072a600000|  0%| F|  |TAMS 0x000000072a500000, 0x000000072a500000| Untracked 
| 146|0x000000072a600000, 0x000000072a600000, 0x000000072a700000|  0%| F|  |TAMS 0x000000072a600000, 0x000000072a600000| Untracked 
| 147|0x000000072a700000, 0x000000072a700000, 0x000000072a800000|  0%| F|  |TAMS 0x000000072a700000, 0x000000072a700000| Untracked 
| 148|0x000000072a800000, 0x000000072a800000, 0x000000072a900000|  0%| F|  |TAMS 0x000000072a800000, 0x000000072a800000| Untracked 
| 149|0x000000072a900000, 0x000000072a900000, 0x000000072aa00000|  0%| F|  |TAMS 0x000000072a900000, 0x000000072a900000| Untracked 
| 150|0x000000072aa00000, 0x000000072aa00000, 0x000000072ab00000|  0%| F|  |TAMS 0x000000072aa00000, 0x000000072aa00000| Untracked 
| 151|0x000000072ab00000, 0x000000072ab00000, 0x000000072ac00000|  0%| F|  |TAMS 0x000000072ab00000, 0x000000072ab00000| Untracked 
| 152|0x000000072ac00000, 0x000000072ac00000, 0x000000072ad00000|  0%| F|  |TAMS 0x000000072ac00000, 0x000000072ac00000| Untracked 
| 153|0x000000072ad00000, 0x000000072ad00000, 0x000000072ae00000|  0%| F|  |TAMS 0x000000072ad00000, 0x000000072ad00000| Untracked 
| 154|0x000000072ae00000, 0x000000072ae00000, 0x000000072af00000|  0%| F|  |TAMS 0x000000072ae00000, 0x000000072ae00000| Untracked 
| 155|0x000000072af00000, 0x000000072af00000, 0x000000072b000000|  0%| F|  |TAMS 0x000000072af00000, 0x000000072af00000| Untracked 
| 156|0x000000072b000000, 0x000000072b000000, 0x000000072b100000|  0%| F|  |TAMS 0x000000072b000000, 0x000000072b000000| Untracked 
| 157|0x000000072b100000, 0x000000072b100000, 0x000000072b200000|  0%| F|  |TAMS 0x000000072b100000, 0x000000072b100000| Untracked 
| 158|0x000000072b200000, 0x000000072b200000, 0x000000072b300000|  0%| F|  |TAMS 0x000000072b200000, 0x000000072b200000| Untracked 
| 159|0x000000072b300000, 0x000000072b300000, 0x000000072b400000|  0%| F|  |TAMS 0x000000072b300000, 0x000000072b300000| Untracked 
| 160|0x000000072b400000, 0x000000072b400000, 0x000000072b500000|  0%| F|  |TAMS 0x000000072b400000, 0x000000072b400000| Untracked 
| 161|0x000000072b500000, 0x000000072b500000, 0x000000072b600000|  0%| F|  |TAMS 0x000000072b500000, 0x000000072b500000| Untracked 
| 162|0x000000072b600000, 0x000000072b600000, 0x000000072b700000|  0%| F|  |TAMS 0x000000072b600000, 0x000000072b600000| Untracked 
| 163|0x000000072b700000, 0x000000072b700000, 0x000000072b800000|  0%| F|  |TAMS 0x000000072b700000, 0x000000072b700000| Untracked 
| 164|0x000000072b800000, 0x000000072b800000, 0x000000072b900000|  0%| F|  |TAMS 0x000000072b800000, 0x000000072b800000| Untracked 
| 165|0x000000072b900000, 0x000000072b900000, 0x000000072ba00000|  0%| F|  |TAMS 0x000000072b900000, 0x000000072b900000| Untracked 
| 166|0x000000072ba00000, 0x000000072ba00000, 0x000000072bb00000|  0%| F|  |TAMS 0x000000072ba00000, 0x000000072ba00000| Untracked 
| 167|0x000000072bb00000, 0x000000072bb00000, 0x000000072bc00000|  0%| F|  |TAMS 0x000000072bb00000, 0x000000072bb00000| Untracked 
| 168|0x000000072bc00000, 0x000000072bc00000, 0x000000072bd00000|  0%| F|  |TAMS 0x000000072bc00000, 0x000000072bc00000| Untracked 
| 169|0x000000072bd00000, 0x000000072bd00000, 0x000000072be00000|  0%| F|  |TAMS 0x000000072bd00000, 0x000000072bd00000| Untracked 
| 170|0x000000072be00000, 0x000000072be00000, 0x000000072bf00000|  0%| F|  |TAMS 0x000000072be00000, 0x000000072be00000| Untracked 
| 171|0x000000072bf00000, 0x000000072bf00000, 0x000000072c000000|  0%| F|  |TAMS 0x000000072bf00000, 0x000000072bf00000| Untracked 
| 172|0x000000072c000000, 0x000000072c000000, 0x000000072c100000|  0%| F|  |TAMS 0x000000072c000000, 0x000000072c000000| Untracked 
| 173|0x000000072c100000, 0x000000072c100000, 0x000000072c200000|  0%| F|  |TAMS 0x000000072c100000, 0x000000072c100000| Untracked 
| 174|0x000000072c200000, 0x000000072c200000, 0x000000072c300000|  0%| F|  |TAMS 0x000000072c200000, 0x000000072c200000| Untracked 
| 175|0x000000072c300000, 0x000000072c300000, 0x000000072c400000|  0%| F|  |TAMS 0x000000072c300000, 0x000000072c300000| Untracked 
| 176|0x000000072c400000, 0x000000072c400000, 0x000000072c500000|  0%| F|  |TAMS 0x000000072c400000, 0x000000072c400000| Untracked 
| 177|0x000000072c500000, 0x000000072c500000, 0x000000072c600000|  0%| F|  |TAMS 0x000000072c500000, 0x000000072c500000| Untracked 
| 178|0x000000072c600000, 0x000000072c600000, 0x000000072c700000|  0%| F|  |TAMS 0x000000072c600000, 0x000000072c600000| Untracked 
| 179|0x000000072c700000, 0x000000072c700000, 0x000000072c800000|  0%| F|  |TAMS 0x000000072c700000, 0x000000072c700000| Untracked 
| 180|0x000000072c800000, 0x000000072c800000, 0x000000072c900000|  0%| F|  |TAMS 0x000000072c800000, 0x000000072c800000| Untracked 
| 181|0x000000072c900000, 0x000000072c900000, 0x000000072ca00000|  0%| F|  |TAMS 0x000000072c900000, 0x000000072c900000| Untracked 
| 182|0x000000072ca00000, 0x000000072ca00000, 0x000000072cb00000|  0%| F|  |TAMS 0x000000072ca00000, 0x000000072ca00000| Untracked 
| 183|0x000000072cb00000, 0x000000072cb00000, 0x000000072cc00000|  0%| F|  |TAMS 0x000000072cb00000, 0x000000072cb00000| Untracked 
| 184|0x000000072cc00000, 0x000000072cc00000, 0x000000072cd00000|  0%| F|  |TAMS 0x000000072cc00000, 0x000000072cc00000| Untracked 
| 185|0x000000072cd00000, 0x000000072cd00000, 0x000000072ce00000|  0%| F|  |TAMS 0x000000072cd00000, 0x000000072cd00000| Untracked 
| 186|0x000000072ce00000, 0x000000072ce00000, 0x000000072cf00000|  0%| F|  |TAMS 0x000000072ce00000, 0x000000072ce00000| Untracked 
| 187|0x000000072cf00000, 0x000000072cf00000, 0x000000072d000000|  0%| F|  |TAMS 0x000000072cf00000, 0x000000072cf00000| Untracked 
| 188|0x000000072d000000, 0x000000072d000000, 0x000000072d100000|  0%| F|  |TAMS 0x000000072d000000, 0x000000072d000000| Untracked 
| 189|0x000000072d100000, 0x000000072d100000, 0x000000072d200000|  0%| F|  |TAMS 0x000000072d100000, 0x000000072d100000| Untracked 
| 190|0x000000072d200000, 0x000000072d200000, 0x000000072d300000|  0%| F|  |TAMS 0x000000072d200000, 0x000000072d200000| Untracked 
| 191|0x000000072d300000, 0x000000072d300000, 0x000000072d400000|  0%| F|  |TAMS 0x000000072d300000, 0x000000072d300000| Untracked 
| 192|0x000000072d400000, 0x000000072d400000, 0x000000072d500000|  0%| F|  |TAMS 0x000000072d400000, 0x000000072d400000| Untracked 
| 193|0x000000072d500000, 0x000000072d500000, 0x000000072d600000|  0%| F|  |TAMS 0x000000072d500000, 0x000000072d500000| Untracked 
| 194|0x000000072d600000, 0x000000072d600000, 0x000000072d700000|  0%| F|  |TAMS 0x000000072d600000, 0x000000072d600000| Untracked 
| 195|0x000000072d700000, 0x000000072d7f64d0, 0x000000072d800000| 96%| S|CS|TAMS 0x000000072d700000, 0x000000072d700000| Complete 
| 196|0x000000072d800000, 0x000000072d900000, 0x000000072d900000|100%| S|CS|TAMS 0x000000072d800000, 0x000000072d800000| Complete 
| 197|0x000000072d900000, 0x000000072d900000, 0x000000072da00000|  0%| F|  |TAMS 0x000000072d900000, 0x000000072d900000| Untracked 
| 198|0x000000072da00000, 0x000000072da00000, 0x000000072db00000|  0%| F|  |TAMS 0x000000072da00000, 0x000000072da00000| Untracked 
| 199|0x000000072db00000, 0x000000072db00000, 0x000000072dc00000|  0%| F|  |TAMS 0x000000072db00000, 0x000000072db00000| Untracked 
| 200|0x000000072dc00000, 0x000000072dd00000, 0x000000072dd00000|100%| S|CS|TAMS 0x000000072dc00000, 0x000000072dc00000| Complete 
| 201|0x000000072dd00000, 0x000000072de00000, 0x000000072de00000|100%| S|CS|TAMS 0x000000072dd00000, 0x000000072dd00000| Complete 
| 202|0x000000072de00000, 0x000000072df00000, 0x000000072df00000|100%| S|CS|TAMS 0x000000072de00000, 0x000000072de00000| Complete 
| 203|0x000000072df00000, 0x000000072df00000, 0x000000072e000000|  0%| F|  |TAMS 0x000000072df00000, 0x000000072df00000| Untracked 
| 204|0x000000072e000000, 0x000000072e000000, 0x000000072e100000|  0%| F|  |TAMS 0x000000072e000000, 0x000000072e000000| Untracked 
| 205|0x000000072e100000, 0x000000072e100000, 0x000000072e200000|  0%| F|  |TAMS 0x000000072e100000, 0x000000072e100000| Untracked 
| 206|0x000000072e200000, 0x000000072e200000, 0x000000072e300000|  0%| F|  |TAMS 0x000000072e200000, 0x000000072e200000| Untracked 
| 207|0x000000072e300000, 0x000000072e300000, 0x000000072e400000|  0%| F|  |TAMS 0x000000072e300000, 0x000000072e300000| Untracked 
| 208|0x000000072e400000, 0x000000072e400000, 0x000000072e500000|  0%| F|  |TAMS 0x000000072e400000, 0x000000072e400000| Untracked 
| 209|0x000000072e500000, 0x000000072e500000, 0x000000072e600000|  0%| F|  |TAMS 0x000000072e500000, 0x000000072e500000| Untracked 
| 210|0x000000072e600000, 0x000000072e600000, 0x000000072e700000|  0%| F|  |TAMS 0x000000072e600000, 0x000000072e600000| Untracked 
| 211|0x000000072e700000, 0x000000072e700000, 0x000000072e800000|  0%| F|  |TAMS 0x000000072e700000, 0x000000072e700000| Untracked 
| 212|0x000000072e800000, 0x000000072e800000, 0x000000072e900000|  0%| F|  |TAMS 0x000000072e800000, 0x000000072e800000| Untracked 
| 213|0x000000072e900000, 0x000000072e900000, 0x000000072ea00000|  0%| F|  |TAMS 0x000000072e900000, 0x000000072e900000| Untracked 
| 214|0x000000072ea00000, 0x000000072ea00000, 0x000000072eb00000|  0%| F|  |TAMS 0x000000072ea00000, 0x000000072ea00000| Untracked 
| 215|0x000000072eb00000, 0x000000072eb80800, 0x000000072ec00000| 50%| E|  |TAMS 0x000000072eb00000, 0x000000072eb00000| Complete 
| 216|0x000000072ec00000, 0x000000072ed00000, 0x000000072ed00000|100%| E|CS|TAMS 0x000000072ec00000, 0x000000072ec00000| Complete 
| 217|0x000000072ed00000, 0x000000072ee00000, 0x000000072ee00000|100%| E|CS|TAMS 0x000000072ed00000, 0x000000072ed00000| Complete 
| 218|0x000000072ee00000, 0x000000072ef00000, 0x000000072ef00000|100%| E|CS|TAMS 0x000000072ee00000, 0x000000072ee00000| Complete 
| 219|0x000000072ef00000, 0x000000072f000000, 0x000000072f000000|100%| E|CS|TAMS 0x000000072ef00000, 0x000000072ef00000| Complete 
| 220|0x000000072f000000, 0x000000072f100000, 0x000000072f100000|100%| E|CS|TAMS 0x000000072f000000, 0x000000072f000000| Complete 
| 221|0x000000072f100000, 0x000000072f200000, 0x000000072f200000|100%| E|CS|TAMS 0x000000072f100000, 0x000000072f100000| Complete 
| 222|0x000000072f200000, 0x000000072f300000, 0x000000072f300000|100%| E|CS|TAMS 0x000000072f200000, 0x000000072f200000| Complete 
| 223|0x000000072f300000, 0x000000072f400000, 0x000000072f400000|100%| E|CS|TAMS 0x000000072f300000, 0x000000072f300000| Complete 

Card table byte_map: [0x000001c9ecb40000,0x000001c9ed240000] _byte_map_base: 0x000001c9e9236000

Marking Bits (Prev, Next): (CMBitMap*) 0x000001c9d49b97f0, (CMBitMap*) 0x000001c9d49b97b8
 Prev Bits: [0x000001c9f10f0000, 0x000001c9f48a0000)
 Next Bits: [0x000001c9ed940000, 0x000001c9f10f0000)

Polling page: 0x000001c9d28e0000

Metaspace:

Usage:
  Non-class:     19.29 MB capacity,    18.81 MB ( 98%) used,   396.34 KB (  2%) free+waste,    93.12 KB ( <1%) overhead. 
      Class:      2.66 MB capacity,     2.31 MB ( 87%) used,   310.98 KB ( 11%) free+waste,    46.75 KB (  2%) overhead. 
       Both:     21.95 MB capacity,    21.12 MB ( 96%) used,   707.31 KB (  3%) free+waste,   139.88 KB ( <1%) overhead. 

Virtual space:
  Non-class space:       20.00 MB reserved,      19.50 MB ( 98%) committed 
      Class space:        1.00 GB reserved,       2.67 MB ( <1%) committed 
             Both:        1.02 GB reserved,      22.17 MB (  2%) committed 

Chunk freelists:
   Non-Class:  25.00 KB
       Class:  0 bytes
        Both:  25.00 KB

MaxMetaspaceSize: 17179869184.00 GB
CompressedClassSpaceSize: 1.00 GB
Initial GC threshold: 20.80 MB
Current GC threshold: 35.08 MB
CDS: off

CodeHeap 'non-profiled nmethods': size=120000Kb used=797Kb max_used=797Kb free=119202Kb
 bounds [0x000001c9e4be0000, 0x000001c9e4e50000, 0x000001c9ec110000]
CodeHeap 'profiled nmethods': size=120000Kb used=4054Kb max_used=4054Kb free=115945Kb
 bounds [0x000001c9dd6b0000, 0x000001c9ddab0000, 0x000001c9e4be0000]
CodeHeap 'non-nmethods': size=5760Kb used=1224Kb max_used=1258Kb free=4535Kb
 bounds [0x000001c9dd110000, 0x000001c9dd380000, 0x000001c9dd6b0000]
 total_blobs=2546 nmethods=2043 adapters=415
 compilation: enabled
              stopped_count=0, restarted_count=0
 full_count=0

Compilation events (20 events):
Event: 4.082 Thread 0x000001c9f7cd8800 2042       3       java.util.regex.CharPredicates::lambda$ASCII_SPACE$17 (20 bytes)
Event: 4.082 Thread 0x000001c9f7cd8800 nmethod 2042 0x000001c9ddaa3890 code [0x000001c9ddaa3a60, 0x000001c9ddaa3dd8]
Event: 4.082 Thread 0x000001c9f7cd8800 2043       3       java.util.regex.ASCII::isSpace (8 bytes)
Event: 4.082 Thread 0x000001c9f7cd8800 nmethod 2043 0x000001c9ddaa3f10 code [0x000001c9ddaa40e0, 0x000001c9ddaa4358]
Event: 4.082 Thread 0x000001c9f7cd8800 2040       3       java.util.regex.Pattern$$Lambda$31/0x00000008000bdc40::is (13 bytes)
Event: 4.083 Thread 0x000001c9f7cd8800 nmethod 2040 0x000001c9ddaa4490 code [0x000001c9ddaa4660, 0x000001c9ddaa4a18]
Event: 4.083 Thread 0x000001c9f7cd8800 2044       3       java.util.stream.AbstractPipeline::copyInto (54 bytes)
Event: 4.084 Thread 0x000001c9f7cd8800 nmethod 2044 0x000001c9ddaa4b90 code [0x000001c9ddaa4dc0, 0x000001c9ddaa54d8]
Event: 4.084 Thread 0x000001c9f7cd8800 2039       3       sun.util.locale.LocaleUtils::isAlpha (30 bytes)
Event: 4.084 Thread 0x000001c9f7cd8800 nmethod 2039 0x000001c9ddaa5710 code [0x000001c9ddaa58c0, 0x000001c9ddaa5a98]
Event: 4.084 Thread 0x000001c9f7cd8800 2045       1       java.net.URI::getHost (5 bytes)
Event: 4.084 Thread 0x000001c9f7cd8800 nmethod 2045 0x000001c9e4ca2610 code [0x000001c9e4ca27c0, 0x000001c9e4ca2878]
Event: 4.084 Thread 0x000001c9f7cd8800 2046       1       java.net.InetAddress::holder (5 bytes)
Event: 4.085 Thread 0x000001c9f7cd8800 nmethod 2046 0x000001c9e4ca2910 code [0x000001c9e4ca2ac0, 0x000001c9e4ca2b78]
Event: 4.085 Thread 0x000001c9f7cd8800 2047       1       java.net.http.HttpHeaders::map (5 bytes)
Event: 4.085 Thread 0x000001c9f7cd8800 nmethod 2047 0x000001c9e4ca2c10 code [0x000001c9e4ca2dc0, 0x000001c9e4ca2e78]
Event: 4.115 Thread 0x000001c9f7cd4800 nmethod 1995 0x000001c9e4ca2f10 code [0x000001c9e4ca31a0, 0x000001c9e4ca5c50]
Event: 4.115 Thread 0x000001c9f7cd4800 1997       4       java.util.HashMap$HashIterator::nextNode (100 bytes)
Event: 4.121 Thread 0x000001c9f7cd4800 nmethod 1997 0x000001c9e4ca6f10 code [0x000001c9e4ca70a0, 0x000001c9e4ca7498]
Event: 4.121 Thread 0x000001c9f7cd4800 1996 % !   4       java.util.concurrent.ConcurrentHashMap::transfer @ 96 (828 bytes)

GC Heap History (4 events):
Event: 1.133 GC heap before
{Heap before GC invocations=0 (full 0):
 garbage-first heap   total 229376K, used 24576K [0x0000000721400000, 0x0000000800000000)
  region size 1024K, 24 young (24576K), 0 survivors (0K)
 Metaspace       used 15058K, capacity 15481K, committed 15616K, reserved 1062912K
  class space    used 1562K, capacity 1709K, committed 1792K, reserved 1048576K
}
Event: 1.138 GC heap after
{Heap after GC invocations=1 (full 0):
 garbage-first heap   total 229376K, used 5174K [0x0000000721400000, 0x0000000800000000)
  region size 1024K, 3 young (3072K), 3 survivors (3072K)
 Metaspace       used 15058K, capacity 15481K, committed 15616K, reserved 1062912K
  class space    used 1562K, capacity 1709K, committed 1792K, reserved 1048576K
}
Event: 2.700 GC heap before
{Heap before GC invocations=1 (full 0):
 garbage-first heap   total 229376K, used 25654K [0x0000000721400000, 0x0000000800000000)
  region size 1024K, 24 young (24576K), 3 survivors (3072K)
 Metaspace       used 20461K, capacity 21264K, committed 21296K, reserved 1069056K
  class space    used 2227K, capacity 2576K, committed 2608K, reserved 1048576K
}
Event: 2.709 GC heap after
{Heap after GC invocations=2 (full 0):
 garbage-first heap   total 229376K, used 7183K [0x0000000721400000, 0x0000000800000000)
  region size 1024K, 5 young (5120K), 5 survivors (5120K)
 Metaspace       used 20461K, capacity 21264K, committed 21296K, reserved 1069056K
  class space    used 2227K, capacity 2576K, committed 2608K, reserved 1048576K
}

Deoptimization events (20 events):
Event: 1.555 Thread 0x000001c9d495d800 Uncommon trap: trap_request=0xffffff4d fr.pc=0x000001c9e4c2b450 relative=0x00000000000001f0
Event: 1.555 Thread 0x000001c9d495d800 Uncommon trap: reason=unstable_if action=reinterpret pc=0x000001c9e4c2b450 method=java.io.WinNTFileSystem.normalize(Ljava/lang/String;)Ljava/lang/String; @ 128 c2
Event: 1.555 Thread 0x000001c9d495d800 DEOPT PACKING pc=0x000001c9e4c2b450 sp=0x0000002b31bfa790
Event: 1.555 Thread 0x000001c9d495d800 DEOPT UNPACKING pc=0x000001c9dd15a1af sp=0x0000002b31bfa718 mode 2
Event: 1.672 Thread 0x000001c9f951a800 Uncommon trap: trap_request=0xffffff4d fr.pc=0x000001c9e4c3147c relative=0x00000000000003fc
Event: 1.672 Thread 0x000001c9f951a800 Uncommon trap: reason=unstable_if action=reinterpret pc=0x000001c9e4c3147c method=jdk.internal.org.objectweb.asm.Type.getArgumentsAndReturnSizes(Ljava/lang/String;)I @ 88 c2
Event: 1.672 Thread 0x000001c9f951a800 DEOPT PACKING pc=0x000001c9e4c3147c sp=0x0000002b335fe350
Event: 1.672 Thread 0x000001c9f951a800 DEOPT UNPACKING pc=0x000001c9dd15a1af sp=0x0000002b335fe2e8 mode 2
Event: 1.790 Thread 0x000001c9d495d800 Uncommon trap: trap_request=0xffffff4d fr.pc=0x000001c9e4c55aa8 relative=0x0000000000000388
Event: 1.790 Thread 0x000001c9d495d800 Uncommon trap: reason=unstable_if action=reinterpret pc=0x000001c9e4c55aa8 method=java.io.ByteArrayInputStream.read([BII)I @ 35 c2
Event: 1.790 Thread 0x000001c9d495d800 DEOPT PACKING pc=0x000001c9e4c55aa8 sp=0x0000002b31bfda30
Event: 1.790 Thread 0x000001c9d495d800 DEOPT UNPACKING pc=0x000001c9dd15a1af sp=0x0000002b31bfd9f0 mode 2
Event: 1.916 Thread 0x000001c9f9564000 Uncommon trap: trap_request=0xffffff76 fr.pc=0x000001c9e4c70594 relative=0x0000000000000074
Event: 1.916 Thread 0x000001c9f9564000 Uncommon trap: reason=loop_limit_check action=maybe_recompile pc=0x000001c9e4c70594 method=java.lang.invoke.LambdaForm$Name.useCount(Ljava/lang/invoke/LambdaForm$Name;)I @ 21 c2
Event: 1.916 Thread 0x000001c9f9564000 DEOPT PACKING pc=0x000001c9e4c70594 sp=0x0000002b33dfd590
Event: 1.916 Thread 0x000001c9f9564000 DEOPT UNPACKING pc=0x000001c9dd15a1af sp=0x0000002b33dfd520 mode 2
Event: 2.773 Thread 0x000001c9d495d800 Uncommon trap: trap_request=0xffffff4d fr.pc=0x000001c9e4c491a4 relative=0x0000000000000fe4
Event: 2.773 Thread 0x000001c9d495d800 Uncommon trap: reason=unstable_if action=reinterpret pc=0x000001c9e4c491a4 method=java.util.concurrent.ConcurrentHashMap.putVal(Ljava/lang/Object;Ljava/lang/Object;Z)Ljava/lang/Object; @ 231 c2
Event: 2.773 Thread 0x000001c9d495d800 DEOPT PACKING pc=0x000001c9e4c491a4 sp=0x0000002b31bfdf80
Event: 2.773 Thread 0x000001c9d495d800 DEOPT UNPACKING pc=0x000001c9dd15a1af sp=0x0000002b31bfdf10 mode 2

Classes redefined (1 events):
Event: 0.224 Thread 0x000001c9f7c47800 redefined class name=java.lang.Throwable, count=1

Internal exceptions (20 events):
Event: 1.647 Thread 0x000001c9d495d800 Exception <a 'java/lang/IncompatibleClassChangeError'{0x000000072e99d4e0}: Found class java.lang.Object, but interface was expected> (0x000000072e99d4e0) thrown at [s\src\hotspot\share\interpreter\linkResolver.cpp, line 839]
Event: 1.649 Thread 0x000001c9d495d800 Exception <a 'java/lang/NoSuchMethodError'{0x000000072e9a63f8}: 'int java.lang.invoke.DirectMethodHandle$Holder.invokeSpecialIFC(java.lang.Object, java.lang.Object, java.lang.Object, java.lang.Object)'> (0x000000072e9a63f8) thrown at [s\src\hotspot\share\interpreter\linkResolver.cpp, line 773]
Event: 1.655 Thread 0x000001c9d495d800 Exception <a 'java/lang/NoSuchMethodError'{0x000000072e9d2568}: 'java.lang.Object java.lang.invoke.DirectMethodHandle$Holder.invokeVirtual(java.lang.Object, java.lang.Object, java.lang.Object, java.lang.Object)'> (0x000000072e9d2568) thrown at [s\src\hotspot\share\interpreter\linkResolver.cpp, line 773]
Event: 1.684 Thread 0x000001c9f954f800 Exception <a 'java/net/ConnectException'{0x000000072e72a618}: Connection refused: connect> (0x000000072e72a618) thrown at [s\src\hotspot\share\prims\jni.cpp, line 638]
Event: 1.701 Thread 0x000001c9f954f800 Exception <a 'java/net/ConnectException'{0x000000072e72bea8}: Connection refused: connect> (0x000000072e72bea8) thrown at [s\src\hotspot\share\prims\jni.cpp, line 638]
Event: 1.772 Thread 0x000001c9d495d800 Exception <a 'java/lang/NoSuchMethodError'{0x000000072e686a98}: 'java.lang.Object java.lang.invoke.Invokers$Holder.linkToTargetMethod(java.lang.Object, int, int, java.lang.Object)'> (0x000000072e686a98) thrown at [s\src\hotspot\share\interpreter\linkResolver.cpp, line 773]
Event: 1.774 Thread 0x000001c9d495d800 Exception <a 'java/lang/NoSuchMethodError'{0x000000072e692478}: 'void java.lang.invoke.DirectMethodHandle$Holder.invokeStatic(java.lang.Object, java.lang.Object, int)'> (0x000000072e692478) thrown at [s\src\hotspot\share\interpreter\linkResolver.cpp, line 773]
Event: 1.854 Thread 0x000001c9f9563800 Exception <a 'java/lang/NoSuchMethodError'{0x000000072e3a1f18}: 'java.lang.Object java.lang.invoke.DirectMethodHandle$Holder.invokeStatic(java.lang.Object, java.lang.Object, java.lang.Object, java.lang.Object, java.lang.Object, java.lang.Object, java.lang.Object, java.lang.Object, java.lang.Object, java.lang.Object, java.lang.Object, java.lang.Object, java.lang.Object, java.lang.Object, java.lang.Object)'> (0x000000072e3a1f18) thrown at [s\src\hotspot\share\interpreter\linkResolver.cpp, line 773]
Event: 1.857 Thread 0x000001c9f9563800 Exception <a 'java/lang/NoSuchMethodError'{0x000000072e3b1048}: 'java.lang.Object java.lang.invoke.DirectMethodHandle$Holder.invokeStatic(java.lang.Object, java.lang.Object, java.lang.Object, java.lang.Object, java.lang.Object, java.lang.Object, java.lang.Object, java.lang.Object, java.lang.Object, java.lang.Object, java.lang.Object, java.lang.Object, java.lang.Object, java.lang.Object, java.lang.Object, java.lang.Object)'> (0x000000072e3b1048) thrown at [s\src\hotspot\share\interpreter\linkResolver.cpp, l
Event: 1.858 Thread 0x000001c9f9563800 Exception <a 'java/lang/NoSuchMethodError'{0x000000072e3bedf0}: 'java.lang.Object java.lang.invoke.DirectMethodHandle$Holder.invokeSpecial(java.lang.Object, java.lang.Object, int, int, java.lang.Object, java.lang.Object, int)'> (0x000000072e3bedf0) thrown at [s\src\hotspot\share\interpreter\linkResolver.cpp, line 773]
Event: 1.859 Thread 0x000001c9f9563800 Exception <a 'java/lang/NoSuchMethodError'{0x000000072e3c22e0}: 'java.lang.Object java.lang.invoke.DelegatingMethodHandle$Holder.reinvoke_L(java.lang.Object, int, int, java.lang.Object, java.lang.Object, int)'> (0x000000072e3c22e0) thrown at [s\src\hotspot\share\interpreter\linkResolver.cpp, line 773]
Event: 1.860 Thread 0x000001c9f9563800 Exception <a 'java/lang/NoSuchMethodError'{0x000000072e3c6f28}: 'java.lang.Object java.lang.invoke.DirectMethodHandle$Holder.invokeStatic(java.lang.Object, java.lang.Object, java.lang.Object, java.lang.Object, int)'> (0x000000072e3c6f28) thrown at [s\src\hotspot\share\interpreter\linkResolver.cpp, line 773]
Event: 1.865 Thread 0x000001c9f9563800 Exception <a 'java/lang/NoSuchMethodError'{0x000000072e211ff8}: 'java.lang.Object java.lang.invoke.DirectMethodHandle$Holder.invokeSpecial(java.lang.Object, java.lang.Object, java.lang.Object, java.lang.Object, int)'> (0x000000072e211ff8) thrown at [s\src\hotspot\share\interpreter\linkResolver.cpp, line 773]
Event: 1.866 Thread 0x000001c9f9563800 Exception <a 'java/lang/NoSuchMethodError'{0x000000072e2150c0}: 'java.lang.Object java.lang.invoke.Invokers$Holder.linkToTargetMethod(java.lang.Object, java.lang.Object, int, java.lang.Object)'> (0x000000072e2150c0) thrown at [s\src\hotspot\share\interpreter\linkResolver.cpp, line 773]
Event: 1.893 Thread 0x000001c9f9563800 Exception <a 'java/lang/NoSuchMethodError'{0x000000072e2a9098}: 'void java.lang.invoke.DirectMethodHandle$Holder.invokeSpecial(java.lang.Object, java.lang.Object, java.lang.Object, java.lang.Object, java.lang.Object)'> (0x000000072e2a9098) thrown at [s\src\hotspot\share\interpreter\linkResolver.cpp, line 773]
Event: 1.902 Thread 0x000001c9f9563800 Exception <a 'java/lang/NoSuchMethodError'{0x000000072e2dcdc8}: 'long java.lang.invoke.DirectMethodHandle$Holder.invokeStatic(java.lang.Object, long, long)'> (0x000000072e2dcdc8) thrown at [s\src\hotspot\share\interpreter\linkResolver.cpp, line 773]
Event: 2.689 Thread 0x000001c9f9564000 Exception <a 'java/lang/NoSuchMethodError'{0x000000072e07b920}: 'java.lang.Object java.lang.invoke.DirectMethodHandle$Holder.invokeStatic(java.lang.Object, java.lang.Object, java.lang.Object, java.lang.Object, java.lang.Object, java.lang.Object, java.lang.Object, java.lang.Object, java.lang.Object, java.lang.Object, java.lang.Object, java.lang.Object, java.lang.Object, int)'> (0x000000072e07b920) thrown at [s\src\hotspot\share\interpreter\linkResolver.cpp, line 773]
Event: 2.691 Thread 0x000001c9f9564000 Exception <a 'java/lang/NoSuchMethodError'{0x000000072e089548}: 'java.lang.Object java.lang.invoke.DirectMethodHandle$Holder.invokeStatic(java.lang.Object, java.lang.Object, java.lang.Object, java.lang.Object, java.lang.Object, java.lang.Object, java.lang.Object, java.lang.Object, java.lang.Object, java.lang.Object, java.lang.Object, java.lang.Object, java.lang.Object, int, int)'> (0x000000072e089548) thrown at [s\src\hotspot\share\interpreter\linkResolver.cpp, line 773]
Event: 2.695 Thread 0x000001c9f9564000 Exception <a 'java/lang/NoSuchMethodError'{0x000000072e0b2878}: 'void java.lang.invoke.DirectMethodHandle$Holder.invokeSpecial(java.lang.Object, java.lang.Object, java.lang.Object, java.lang.Object, java.lang.Object, java.lang.Object, java.lang.Object)'> (0x000000072e0b2878) thrown at [s\src\hotspot\share\interpreter\linkResolver.cpp, line 773]
Event: 2.725 Thread 0x000001c9d495d800 Exception <a 'java/lang/NoSuchMethodError'{0x000000072f3d6da0}: 'java.lang.Object java.lang.invoke.DirectMethodHandle$Holder.invokeSpecialIFC(java.lang.Object, java.lang.Object, java.lang.Object)'> (0x000000072f3d6da0) thrown at [s\src\hotspot\share\interpreter\linkResolver.cpp, line 773]

Events (20 events):
Event: 4.059 loading class org/openqa/selenium/remote/CommandPayload
Event: 4.059 loading class org/openqa/selenium/remote/CommandPayload done
Event: 4.059 loading class org/openqa/selenium/remote/CommandPayload
Event: 4.059 loading class org/openqa/selenium/remote/CommandPayload done
Event: 4.062 Executing VM operation: RevokeBias
Event: 4.062 Executing VM operation: RevokeBias done
Event: 4.062 Executing VM operation: RevokeBias
Event: 4.062 Executing VM operation: RevokeBias done
Event: 4.078 Executing VM operation: RevokeBias
Event: 4.078 Executing VM operation: RevokeBias done
Event: 4.078 Executing VM operation: RevokeBias
Event: 4.079 Executing VM operation: RevokeBias done
Event: 4.079 Executing VM operation: RevokeBias
Event: 4.079 Executing VM operation: RevokeBias done
Event: 4.080 loading class org/openqa/selenium/interactions/Coordinates
Event: 4.080 loading class org/openqa/selenium/interactions/Coordinates done
Event: 4.084 Executing VM operation: RevokeBias
Event: 4.084 Executing VM operation: RevokeBias done
Event: 4.084 Executing VM operation: RevokeBias
Event: 4.085 Executing VM operation: RevokeBias done


Dynamic libraries:
0x00007ff753d20000 - 0x00007ff753d2e000 	C:\Program Files\Amazon Corretto\jdk11.0.27_6\bin\java.exe
0x00007ffeaee10000 - 0x00007ffeaf008000 	C:\WINDOWS\SYSTEM32\ntdll.dll
0x00007ffeae8f0000 - 0x00007ffeae9b2000 	C:\WINDOWS\System32\KERNEL32.DLL
0x00007ffeac650000 - 0x00007ffeac947000 	C:\WINDOWS\System32\KERNELBASE.dll
0x00007ffeac550000 - 0x00007ffeac650000 	C:\WINDOWS\System32\ucrtbase.dll
0x00007ffea74f0000 - 0x00007ffea7507000 	C:\Program Files\Amazon Corretto\jdk11.0.27_6\bin\jli.dll
0x00007ffea7510000 - 0x00007ffea752b000 	C:\Program Files\Amazon Corretto\jdk11.0.27_6\bin\VCRUNTIME140.dll
0x00007ffeae9c0000 - 0x00007ffeaeb5d000 	C:\WINDOWS\System32\USER32.dll
0x00007ffe95a10000 - 0x00007ffe95caa000 	C:\WINDOWS\WinSxS\amd64_microsoft.windows.common-controls_6595b64144ccf1df_6.0.19041.5915_none_60b4b9d171f9c7c7\COMCTL32.dll
0x00007ffeacce0000 - 0x00007ffeacd02000 	C:\WINDOWS\System32\win32u.dll
0x00007ffead7b0000 - 0x00007ffead84e000 	C:\WINDOWS\System32\msvcrt.dll
0x00007ffeaecf0000 - 0x00007ffeaed1b000 	C:\WINDOWS\System32\GDI32.dll
0x00007ffeacd10000 - 0x00007ffeace29000 	C:\WINDOWS\System32\gdi32full.dll
0x00007ffeacb90000 - 0x00007ffeacc2d000 	C:\WINDOWS\System32\msvcp_win.dll
0x00007ffead760000 - 0x00007ffead78f000 	C:\WINDOWS\System32\IMM32.DLL
0x00007ffea8080000 - 0x00007ffea808c000 	C:\Program Files\Amazon Corretto\jdk11.0.27_6\bin\vcruntime140_1.dll
0x00007ffe88da0000 - 0x00007ffe88e2d000 	C:\Program Files\Amazon Corretto\jdk11.0.27_6\bin\msvcp140.dll
0x00007ffe69af0000 - 0x00007ffe6a6b5000 	C:\Program Files\Amazon Corretto\jdk11.0.27_6\bin\server\jvm.dll
0x00007ffeada70000 - 0x00007ffeadb21000 	C:\WINDOWS\System32\ADVAPI32.dll
0x00007ffead660000 - 0x00007ffead6ff000 	C:\WINDOWS\System32\sechost.dll
0x00007ffeaeb60000 - 0x00007ffeaec86000 	C:\WINDOWS\System32\RPCRT4.dll
0x00007ffeac4a0000 - 0x00007ffeac4c7000 	C:\WINDOWS\System32\bcrypt.dll
0x00007ffeadb30000 - 0x00007ffeadb9b000 	C:\WINDOWS\System32\WS2_32.dll
0x00007ffead850000 - 0x00007ffead858000 	C:\WINDOWS\System32\PSAPI.DLL
0x00007ffea1fd0000 - 0x00007ffea1ff7000 	C:\WINDOWS\SYSTEM32\WINMM.dll
0x00007ffeab1c0000 - 0x00007ffeab1ca000 	C:\WINDOWS\SYSTEM32\VERSION.dll
0x00007ffeab170000 - 0x00007ffeab182000 	C:\WINDOWS\SYSTEM32\kernel.appcore.dll
0x00007ffea7760000 - 0x00007ffea7770000 	C:\Program Files\Amazon Corretto\jdk11.0.27_6\bin\verify.dll
0x00007ffeaa0d0000 - 0x00007ffeaa2d1000 	C:\WINDOWS\SYSTEM32\DBGHELP.DLL
0x00007ffe93e40000 - 0x00007ffe93e74000 	C:\WINDOWS\SYSTEM32\dbgcore.DLL
0x00007ffeac950000 - 0x00007ffeac9d2000 	C:\WINDOWS\System32\bcryptPrimitives.dll
0x00007ffe96610000 - 0x00007ffe96638000 	C:\Program Files\Amazon Corretto\jdk11.0.27_6\bin\java.dll
0x00007ffe96590000 - 0x00007ffe9659a000 	C:\Program Files\Amazon Corretto\jdk11.0.27_6\bin\jimage.dll
0x00007ffe96530000 - 0x00007ffe9653e000 	C:\Program Files\Amazon Corretto\jdk11.0.27_6\bin\instrument.dll
0x00007ffe96570000 - 0x00007ffe96588000 	C:\Program Files\Amazon Corretto\jdk11.0.27_6\bin\zip.dll
0x00007ffeace30000 - 0x00007ffead59e000 	C:\WINDOWS\System32\SHELL32.dll
0x00007ffeaa9c0000 - 0x00007ffeab164000 	C:\WINDOWS\SYSTEM32\windows.storage.dll
0x00007ffeae3b0000 - 0x00007ffeae703000 	C:\WINDOWS\System32\combase.dll
0x00007ffeabe00000 - 0x00007ffeabe2b000 	C:\WINDOWS\SYSTEM32\Wldp.dll
0x00007ffead980000 - 0x00007ffeada4d000 	C:\WINDOWS\System32\OLEAUT32.dll
0x00007ffeae840000 - 0x00007ffeae8ed000 	C:\WINDOWS\System32\SHCORE.dll
0x00007ffeaec90000 - 0x00007ffeaeceb000 	C:\WINDOWS\System32\shlwapi.dll
0x00007ffeac3d0000 - 0x00007ffeac3f4000 	C:\WINDOWS\SYSTEM32\profapi.dll
0x00007ffe916e0000 - 0x00007ffe916f9000 	C:\Program Files\Amazon Corretto\jdk11.0.27_6\bin\net.dll
0x00007ffea3cd0000 - 0x00007ffea3dda000 	C:\WINDOWS\SYSTEM32\WINHTTP.dll
0x00007ffeabb60000 - 0x00007ffeabbca000 	C:\WINDOWS\system32\mswsock.dll
0x00007ffe8e6e0000 - 0x00007ffe8e6f2000 	C:\Program Files\Amazon Corretto\jdk11.0.27_6\bin\nio.dll
0x00007ffeab860000 - 0x00007ffeab92a000 	C:\WINDOWS\SYSTEM32\DNSAPI.dll
0x00007ffeab820000 - 0x00007ffeab85b000 	C:\WINDOWS\SYSTEM32\IPHLPAPI.DLL
0x00007ffeada60000 - 0x00007ffeada68000 	C:\WINDOWS\System32\NSI.dll
0x00007ffe957d0000 - 0x00007ffe957da000 	C:\Windows\System32\rasadhlp.dll
0x00007ffea3660000 - 0x00007ffea36e0000 	C:\WINDOWS\System32\fwpuclnt.dll
0x00007ffe8e6d0000 - 0x00007ffe8e6d9000 	C:\Program Files\Amazon Corretto\jdk11.0.27_6\bin\management.dll
0x00007ffe8e6c0000 - 0x00007ffe8e6cb000 	C:\Program Files\Amazon Corretto\jdk11.0.27_6\bin\management_ext.dll
0x00007ffe88d90000 - 0x00007ffe88d9e000 	C:\Program Files\Amazon Corretto\jdk11.0.27_6\bin\sunmscapi.dll
0x00007ffeac9e0000 - 0x00007ffeacb3d000 	C:\WINDOWS\System32\CRYPT32.dll
0x00007ffeabe70000 - 0x00007ffeabe97000 	C:\WINDOWS\SYSTEM32\ncrypt.dll
0x00007ffeabe30000 - 0x00007ffeabe6b000 	C:\WINDOWS\SYSTEM32\NTASN1.dll
0x00007ffe884d0000 - 0x00007ffe884f7000 	C:\Program Files\Amazon Corretto\jdk11.0.27_6\bin\sunec.dll
0x00007ffeabd50000 - 0x00007ffeabd68000 	C:\WINDOWS\SYSTEM32\CRYPTSP.dll
0x00007ffeab450000 - 0x00007ffeab488000 	C:\WINDOWS\system32\rsaenh.dll
0x00007ffeac390000 - 0x00007ffeac3be000 	C:\WINDOWS\SYSTEM32\USERENV.dll
0x00007ffeabd70000 - 0x00007ffeabd7c000 	C:\WINDOWS\SYSTEM32\CRYPTBASE.dll
0x00007ffea3fa0000 - 0x00007ffea3fb7000 	C:\WINDOWS\SYSTEM32\dhcpcsvc6.DLL
0x00007ffea4a80000 - 0x00007ffea4a9d000 	C:\WINDOWS\SYSTEM32\dhcpcsvc.DLL

dbghelp: loaded successfully - version: 4.0.5 - missing functions: none
symbol engine: initialized successfully - sym options: 0x614 - pdb path: .;C:\Program Files\Amazon Corretto\jdk11.0.27_6\bin;C:\WINDOWS\SYSTEM32;C:\WINDOWS\WinSxS\amd64_microsoft.windows.common-controls_6595b64144ccf1df_6.0.19041.5915_none_60b4b9d171f9c7c7;C:\Program Files\Amazon Corretto\jdk11.0.27_6\bin\server

VM Arguments:
jvm_args: -javaagent:C:\Users\Joshka\AppData\Local\JetBrains\IdeaIC2025.1\captureAgent\debugger-agent.jar=file:///C:/Users/Joshka/AppData/Local/Temp/capture16394741580333827005.props -ea -Didea.test.cyclic.buffer.size=1048576 -javaagent:C:\Program Files\JetBrains\IntelliJ IDEA Community Edition 2025.1.2\lib\idea_rt.jar=4448 -Dkotlinx.coroutines.debug.enable.creation.stack.trace=false -Ddebugger.agent.enable.coroutines=true -Dkotlinx.coroutines.debug.enable.flows.stack.trace=true -Dkotlinx.coroutines.debug.enable.mutable.state.flows.stack.trace=true -Dfile.encoding=UTF-8 
java_command: com.intellij.rt.junit.JUnitStarter -ideVersion5 -junit4 ru.practicum.OrderScooter
java_class_path (initial): C:\Program Files\JetBrains\IntelliJ IDEA Community Edition 2025.1.2\lib\idea_rt.jar;C:\Program Files\JetBrains\IntelliJ IDEA Community Edition 2025.1.2\plugins\junit\lib\junit5-rt.jar;C:\Program Files\JetBrains\IntelliJ IDEA Community Edition 2025.1.2\plugins\junit\lib\junit-rt.jar;C:\Users\Joshka\IdeaProjects\Practicum\Sprint4\SP4\SP4\target\test-classes;C:\Users\Joshka\IdeaProjects\Practicum\Sprint4\SP4\SP4\target\classes;C:\Users\Joshka\.m2\repository\junit\junit\4.13.1\junit-4.13.1.jar;C:\Users\Joshka\.m2\repository\org\hamcrest\hamcrest-core\1.3\hamcrest-core-1.3.jar;C:\Users\Joshka\.m2\repository\org\seleniumhq\selenium\selenium-java\4.35.0\selenium-java-4.35.0.jar;C:\Users\Joshka\.m2\repository\org\seleniumhq\selenium\selenium-api\4.35.0\selenium-api-4.35.0.jar;C:\Users\Joshka\.m2\repository\org\jspecify\jspecify\1.0.0\jspecify-1.0.0.jar;C:\Users\Joshka\.m2\repository\org\seleniumhq\selenium\selenium-chrome-driver\4.35.0\selenium-chrome-driver-4.35.0.jar;C:\Users\Joshka\.m2\repository\com\google\auto\service\auto-service-annotations\1.1.1\auto-service-annotations-1.1.1.jar;C:\Users\Joshka\.m2\repository\org\seleniumhq\selenium\selenium-chromium-driver\4.35.0\selenium-chromium-driver-4.35.0.jar;C:\Users\Joshka\.m2\repository\org\seleniumhq\selenium\selenium-json\4.35.0\selenium-json-4.35.0.jar;C:\Users\Joshka\.m2\repository\org\seleniumhq\selenium\selenium-manager\4.35.0\selenium-manager-4.35.0.jar;C:\Users\Joshka\.m2\repository\org\seleniumhq\selenium\selenium-devtools-v137\4.35.0\selenium-devtools-v137-4.35.0.jar;C:\Users\Joshka\.m2\repository\org\seleniumhq\selenium\selenium-devtools-v138\4.35.0\selenium-devtools-v138-4.35.0.jar;C:\Users\Joshka\.m2\repository\org\seleniumhq\selenium\selenium-devtools-v139\4.35.0\selenium-devtools-v139-4.35.0.jar;C:\Users\Joshka\.m2\repository\org\seleniumhq\selenium\selenium-edge-driver\4.35.0\selenium-edge-driver-4.35.0.jar;C:\Users\Joshka\.m2\repository\org\seleniumhq\selenium\selenium-firefox
Launcher Type: SUN_STANDARD

[Global flags]
     intx CICompilerCount                          = 4                                         {product} {ergonomic}
     uint ConcGCThreads                            = 2                                         {product} {ergonomic}
     uint G1ConcRefinementThreads                  = 8                                         {product} {ergonomic}
   size_t G1HeapRegionSize                         = 1048576                                   {product} {ergonomic}
    uintx GCDrainStackTargetSize                   = 64                                        {product} {ergonomic}
   size_t InitialHeapSize                          = 234881024                                 {product} {ergonomic}
   size_t MarkStackSize                            = 4194304                                   {product} {ergonomic}
   size_t MaxHeapSize                              = 3737124864                                {product} {ergonomic}
   size_t MaxNewSize                               = 2241855488                                {product} {ergonomic}
   size_t MinHeapDeltaBytes                        = 1048576                                   {product} {ergonomic}
    uintx NonNMethodCodeHeapSize                   = 5836300                                {pd product} {ergonomic}
    uintx NonProfiledCodeHeapSize                  = 122910970                              {pd product} {ergonomic}
    uintx ProfiledCodeHeapSize                     = 122910970                              {pd product} {ergonomic}
    uintx ReservedCodeCacheSize                    = 251658240                              {pd product} {ergonomic}
     bool SegmentedCodeCache                       = true                                      {product} {ergonomic}
     bool UseCompressedClassPointers               = true                                 {lp64_product} {ergonomic}
     bool UseCompressedOops                        = true                                 {lp64_product} {ergonomic}
     bool UseG1GC                                  = true                                      {product} {ergonomic}
     bool UseLargePagesIndividualAllocation        = false                                  {pd product} {ergonomic}

Logging:
Log output configuration:
 #0: stdout all=warning uptime,level,tags
 #1: stderr all=off uptime,level,tags

Environment Variables:
JAVA_HOME=C:\Program Files\Amazon Corretto\jdk11.0.27_6
PATH=C:\Program Files\Amazon Corretto\jdk11.0.27_6\bin;C:\WINDOWS\system32;C:\WINDOWS;C:\WINDOWS\System32\Wbem;C:\WINDOWS\System32\WindowsPowerShell\v1.0\;C:\WINDOWS\System32\OpenSSH\;C:\Program Files (x86)\dotnet\;C:\Program Files\HP\HP One Agent;C:\Program Files\WireGuard\;C:\Program Files\nodejs\;C:\ProgramData\chocolatey\bin;C:\Program Files\apache-maven-3.9.10\bin;C:\Program Files\Git\cmd;C:\Program Files\Git\mingw64\bin;C:\Program Files\Git\usr\bin;C:\Users\Joshka\AppData\Local\Microsoft\WindowsApps;;C:\Users\Joshka\AppData\Local\Programs\Microsoft VS Code\bin;C:\Users\Joshka\AppData\Roaming\npm
USERNAME=Joshka
OS=Windows_NT
PROCESSOR_IDENTIFIER=AMD64 Family 23 Model 24 Stepping 1, AuthenticAMD
TMP=C:\Users\Joshka\AppData\Local\Temp
TEMP=C:\Users\Joshka\AppData\Local\Temp



---------------  S Y S T E M  ---------------

OS: Windows 10 , 64 bit Build 19041 (10.0.19041.5915)
OS uptime: 3 days 17:25 hours
Hyper-V role detected

CPU:total 8 (initial active 8) (8 cores per cpu, 2 threads per core) family 23 model 24 stepping 1 microcode 0x0, cmov, cx8, fxsr, mmx, sse, sse2, sse3, ssse3, sse4.1, sse4.2, popcnt, avx, avx2, aes, clmul, mmxext, 3dnowpref, lzcnt, sse4a, ht, tsc, tscinvbit, tscinv, bmi1, bmi2, adx, sha, fma

Memory: 4k page, system-wide physical 14253M (2806M free)
TotalPageFile size 14253M (AvailPageFile size 5M)
current process WorkingSet (physical memory assigned to process): 143M, peak: 145M
current process commit charge ("private bytes"): 376M, peak: 383M

vm_info: OpenJDK 64-Bit Server VM (11.0.27+6-LTS) for windows-amd64 JRE (11.0.27+6-LTS), built on Apr  9 2025 18:21:19 by "Administrator" with MS VC++ 16.10 / 16.11 (VS2019)

END.
